[Row 27] Missing file: C:\Users\ricea\OneDrive\Documents\GitHub\Annabel-BSc-Project\benign_mutations2\mutations2\Q9BXW9_193_heatmap_data.csv
[Row 28] Missing file: C:\Users\ricea\OneDrive\Documents\GitHub\Annabel-BSc-Project\benign_mutations2\mutations2\P31939_572_heatmap_data.csv
[Row 30] Missing file: C:\Users\ricea\OneDrive\Documents\GitHub\Annabel-BSc-Project\benign_mutations2\mutations2\P00558_180_heatmap_data.csv
[Row 31] Missing file: C:\Users\ricea\OneDrive\Documents\GitHub\Annabel-BSc-Project\benign_mutations2\mutations2\P13639_280_heatmap_data.csv
[Row 32] Missing file: C:\Users\ricea\OneDrive\Documents\GitHub\Annabel-BSc-Project\benign_mutations2\mutations2\P29401_283_heatmap_data.csv
[Row 34] Missing file: C:\Users\ricea\OneDrive\Documents\GitHub\Annabel-BSc-Project\benign_mutations2\mutations2\Q14203_411_heatmap_data.csv
[Row 35] Missing file: C:\Users\ricea\OneDrive\Documents\GitHub\Annabel-BSc-Project\benign_mutations2\mutations2\P09884_400_heatmap_data.csv
[Row 36] Missing file: C:\Users\ricea\OneDrive\Documents\GitHub\Annabel-BSc-Project\benign_mutations2\mutations2\P35240_585_heatmap_data.csv
[Row 37] Missing file: C:\Users\ricea\OneDrive\Documents\GitHub\Annabel-BSc-Project\benign_mutations2\mutations2\P49792_375_heatmap_data.csv
[Row 38] Missing file: C:\Users\ricea\OneDrive\Documents\GitHub\Annabel-BSc-Project\benign_mutations2\mutations2\Q5JTZ9_678_heatmap_data.csv
[Row 39] Missing file: C:\Users\ricea\OneDrive\Documents\GitHub\Annabel-BSc-Project\benign_mutations2\mutations2\Q8IYW5_170_heatmap_data.csv
[Row 40] Missing file: C:\Users\ricea\OneDrive\Documents\GitHub\Annabel-BSc-Project\benign_mutations2\mutations2\Q9BTW9_807_heatmap_data.csv
[Row 41] Missing file: C:\Users\ricea\OneDrive\Documents\GitHub\Annabel-BSc-Project\benign_mutations2\mutations2\Q9NYP3_539_heatmap_data.csv
[Row 42] Missing file: C:\Users\ricea\OneDrive\Documents\GitHub\Annabel-BSc-Project\benign_mutations2\mutations2\O14578_308_heatmap_data.csv
[Row 43] Missing file: C:\Users\ricea\OneDrive\Documents\GitHub\Annabel-BSc-Project\benign_mutations2\mutations2\O75643_934_heatmap_data.csv
[Row 44] Missing file: C:\Users\ricea\OneDrive\Documents\GitHub\Annabel-BSc-Project\pathogenic_mutations2\mutations2\O15160_262_heatmap_data.csv
[Row 46] Missing file: C:\Users\ricea\OneDrive\Documents\GitHub\Annabel-BSc-Project\pathogenic_mutations2\mutations2\P11166_232_heatmap_data.csv
[Row 47] Missing file: C:\Users\ricea\OneDrive\Documents\GitHub\Annabel-BSc-Project\pathogenic_mutations2\mutations2\O00571_488_heatmap_data.csv
[Row 48] Missing file: C:\Users\ricea\OneDrive\Documents\GitHub\Annabel-BSc-Project\pathogenic_mutations2\mutations2\P00441_101_heatmap_data.csv
[Row 49] Missing file: C:\Users\ricea\OneDrive\Documents\GitHub\Annabel-BSc-Project\pathogenic_mutations2\mutations2\P00441_114_heatmap_data.csv
[Row 50] Missing file: C:\Users\ricea\OneDrive\Documents\GitHub\Annabel-BSc-Project\pathogenic_mutations2\mutations2\P01130_109_heatmap_data.csv
[Row 51] Missing file: C:\Users\ricea\OneDrive\Documents\GitHub\Annabel-BSc-Project\pathogenic_mutations2\mutations2\P25490_375_heatmap_data.csv
[Row 52] Missing file: C:\Users\ricea\OneDrive\Documents\GitHub\Annabel-BSc-Project\pathogenic_mutations2\mutations2\P30566_242_heatmap_data.csv
[Row 53] Missing file: C:\Users\ricea\OneDrive\Documents\GitHub\Annabel-BSc-Project\pathogenic_mutations2\mutations2\P40337_70_heatmap_data.csv
[Row 55] Missing file: C:\Users\ricea\OneDrive\Documents\GitHub\Annabel-BSc-Project\pathogenic_mutations2\mutations2\P55072_191_heatmap_data.csv
[Row 56] Missing file: C:\Users\ricea\OneDrive\Documents\GitHub\Annabel-BSc-Project\pathogenic_mutations2\mutations2\O00571_326_heatmap_data.csv
[Row 57] Missing file: C:\Users\ricea\OneDrive\Documents\GitHub\Annabel-BSc-Project\pathogenic_mutations2\mutations2\O15160_30_heatmap_data.csv
[Row 58] Missing file: C:\Users\ricea\OneDrive\Documents\GitHub\Annabel-BSc-Project\pathogenic_mutations2\mutations2\P07437_52_heatmap_data.csv
[Row 59] Missing file: C:\Users\ricea\OneDrive\Documents\GitHub\Annabel-BSc-Project\pathogenic_mutations2\mutations2\P07437_221_heatmap_data.csv
[Row 61] Missing file: C:\Users\ricea\OneDrive\Documents\GitHub\Annabel-BSc-Project\pathogenic_mutations2\mutations2\P11166_458_heatmap_data.csv
[Row 62] Missing file: C:\Users\ricea\OneDrive\Documents\GitHub\Annabel-BSc-Project\pathogenic_mutations2\mutations2\P17480_210_heatmap_data.csv
[Row 63] Missing file: C:\Users\ricea\OneDrive\Documents\GitHub\Annabel-BSc-Project\pathogenic_mutations2\mutations2\P25490_369_heatmap_data.csv
[Row 64] Missing file: C:\Users\ricea\OneDrive\Documents\GitHub\Annabel-BSc-Project\pathogenic_mutations2\mutations2\P49711_378_heatmap_data.csv
[Row 65] Missing file: C:\Users\ricea\OneDrive\Documents\GitHub\Annabel-BSc-Project\pathogenic_mutations2\mutations2\P54819_182_heatmap_data.csv
[Row 66] Missing file: C:\Users\ricea\OneDrive\Documents\GitHub\Annabel-BSc-Project\pathogenic_mutations2\mutations2\P07954_362_heatmap_data.csv
[Row 67] Missing file: C:\Users\ricea\OneDrive\Documents\GitHub\Annabel-BSc-Project\pathogenic_mutations2\mutations2\P40337_75_heatmap_data.csv
[Row 68] Missing file: C:\Users\ricea\OneDrive\Documents\GitHub\Annabel-BSc-Project\pathogenic_mutations2\mutations2\P40337_78_heatmap_data.csv
[Row 70] Missing file: C:\Users\ricea\OneDrive\Documents\GitHub\Annabel-BSc-Project\pathogenic_mutations2\mutations2\P40337_81_heatmap_data.csv
[Row 71] Missing file: C:\Users\ricea\OneDrive\Documents\GitHub\Annabel-BSc-Project\pathogenic_mutations2\mutations2\P40337_82_heatmap_data.csv
[Row 72] Missing file: C:\Users\ricea\OneDrive\Documents\GitHub\Annabel-BSc-Project\pathogenic_mutations2\mutations2\P40337_84_heatmap_data.csv