[Row 0] Missing file: Tried C:\Users\ricea\OneDrive\Documents\GitHub\Annabel-BSc-Project\pathogenic_mutations2\mutations2\O00571_323_heatmap_data.csv and C:\Users\ricea\OneDrive\Documents\GitHub\Annabel-BSc-Project\pathogenic_mutations2\mutations2\O00571_326_heatmap_data.csv
[Row 1] Missing file: Tried C:\Users\ricea\OneDrive\Documents\GitHub\Annabel-BSc-Project\pathogenic_mutations2\mutations2\P00441_99_heatmap_data.csv and C:\Users\ricea\OneDrive\Documents\GitHub\Annabel-BSc-Project\pathogenic_mutations2\mutations2\P00441_101_heatmap_data.csv
[Row 2] Missing file: Tried C:\Users\ricea\OneDrive\Documents\GitHub\Annabel-BSc-Project\pathogenic_mutations2\mutations2\P00441_103_heatmap_data.csv and C:\Users\ricea\OneDrive\Documents\GitHub\Annabel-BSc-Project\pathogenic_mutations2\mutations2\P00441_106_heatmap_data.csv
[Row 4] Missing file: Tried C:\Users\ricea\OneDrive\Documents\GitHub\Annabel-BSc-Project\pathogenic_mutations2\mutations2\P00441_143_heatmap_data.csv and C:\Users\ricea\OneDrive\Documents\GitHub\Annabel-BSc-Project\pathogenic_mutations2\mutations2\P00441_140_heatmap_data.csv
[Row 5] Missing file: Tried C:\Users\ricea\OneDrive\Documents\GitHub\Annabel-BSc-Project\pathogenic_mutations2\mutations2\P00441_143_heatmap_data.csv and C:\Users\ricea\OneDrive\Documents\GitHub\Annabel-BSc-Project\pathogenic_mutations2\mutations2\P00441_145_heatmap_data.csv
[Row 6] Missing file: Tried C:\Users\ricea\OneDrive\Documents\GitHub\Annabel-BSc-Project\pathogenic_mutations2\mutations2\P00558_168_heatmap_data.csv and C:\Users\ricea\OneDrive\Documents\GitHub\Annabel-BSc-Project\pathogenic_mutations2\mutations2\P00558_164_heatmap_data.csv
[Row 7] Missing file: Tried C:\Users\ricea\OneDrive\Documents\GitHub\Annabel-BSc-Project\pathogenic_mutations2\mutations2\P26358_549_heatmap_data.csv and C:\Users\ricea\OneDrive\Documents\GitHub\Annabel-BSc-Project\pathogenic_mutations2\mutations2\P26358_554_heatmap_data.csv
[Row 14] Missing file: Tried C:\Users\ricea\OneDrive\Documents\GitHub\Annabel-BSc-Project\pathogenic_mutations2\mutations2\P49711_450_heatmap_data.csv and C:\Users\ricea\OneDrive\Documents\GitHub\Annabel-BSc-Project\pathogenic_mutations2\mutations2\P49711_448_heatmap_data.csv
[Row 15] Missing file: Tried C:\Users\ricea\OneDrive\Documents\GitHub\Annabel-BSc-Project\pathogenic_mutations2\mutations2\P60709_202_heatmap_data.csv and C:\Users\ricea\OneDrive\Documents\GitHub\Annabel-BSc-Project\pathogenic_mutations2\mutations2\P60709_206_heatmap_data.csv
[Row 16] Missing file: Tried C:\Users\ricea\OneDrive\Documents\GitHub\Annabel-BSc-Project\pathogenic_mutations2\mutations2\P60953_161_heatmap_data.csv and C:\Users\ricea\OneDrive\Documents\GitHub\Annabel-BSc-Project\pathogenic_mutations2\mutations2\P60953_159_heatmap_data.csv
[Row 18] Missing file: Tried C:\Users\ricea\OneDrive\Documents\GitHub\Annabel-BSc-Project\benign_mutations2\mutations2\P30566_289_heatmap_data.csv and C:\Users\ricea\OneDrive\Documents\GitHub\Annabel-BSc-Project\benign_mutations2\mutations2\P30566_294_heatmap_data.csv
[Row 19] Missing file: Tried C:\Users\ricea\OneDrive\Documents\GitHub\Annabel-BSc-Project\benign_mutations2\mutations2\P30566_151_heatmap_data.csv and C:\Users\ricea\OneDrive\Documents\GitHub\Annabel-BSc-Project\benign_mutations2\mutations2\P30566_147_heatmap_data.csv
[Row 20] Missing file: Tried C:\Users\ricea\OneDrive\Documents\GitHub\Annabel-BSc-Project\benign_mutations2\mutations2\P31939_116_heatmap_data.csv and C:\Users\ricea\OneDrive\Documents\GitHub\Annabel-BSc-Project\benign_mutations2\mutations2\P31939_116_heatmap_data.csv
[Row 21] Missing file: Tried C:\Users\ricea\OneDrive\Documents\GitHub\Annabel-BSc-Project\benign_mutations2\mutations2\P34897_48_heatmap_data.csv and C:\Users\ricea\OneDrive\Documents\GitHub\Annabel-BSc-Project\benign_mutations2\mutations2\P34897_50_heatmap_data.csv
[Row 22] Missing file: Tried C:\Users\ricea\OneDrive\Documents\GitHub\Annabel-BSc-Project\benign_mutations2\mutations2\P54819_194_heatmap_data.csv and C:\Users\ricea\OneDrive\Documents\GitHub\Annabel-BSc-Project\benign_mutations2\mutations2\P54819_191_heatmap_data.csv
[Row 23] Missing file: Tried C:\Users\ricea\OneDrive\Documents\GitHub\Annabel-BSc-Project\benign_mutations2\mutations2\P57081_391_heatmap_data.csv and C:\Users\ricea\OneDrive\Documents\GitHub\Annabel-BSc-Project\benign_mutations2\mutations2\P57081_390_heatmap_data.csv
[Row 24] Missing file: Tried C:\Users\ricea\OneDrive\Documents\GitHub\Annabel-BSc-Project\benign_mutations2\mutations2\Q8WTW3_454_heatmap_data.csv and C:\Users\ricea\OneDrive\Documents\GitHub\Annabel-BSc-Project\benign_mutations2\mutations2\Q8WTW3_453_heatmap_data.csv
[Row 25] Missing file: Tried C:\Users\ricea\OneDrive\Documents\GitHub\Annabel-BSc-Project\benign_mutations2\mutations2\Q96S44_135_heatmap_data.csv and C:\Users\ricea\OneDrive\Documents\GitHub\Annabel-BSc-Project\benign_mutations2\mutations2\Q96S44_129_heatmap_data.csv
[Row 26] Missing file: Tried C:\Users\ricea\OneDrive\Documents\GitHub\Annabel-BSc-Project\benign_mutations2\mutations2\Q9H211_491_heatmap_data.csv and C:\Users\ricea\OneDrive\Documents\GitHub\Annabel-BSc-Project\benign_mutations2\mutations2\Q9H211_491_heatmap_data.csv
[Row 27] Missing file: Tried C:\Users\ricea\OneDrive\Documents\GitHub\Annabel-BSc-Project\benign_mutations2\mutations2\Q9BXW9_193_heatmap_data.csv and C:\Users\ricea\OneDrive\Documents\GitHub\Annabel-BSc-Project\benign_mutations2\mutations2\Q9BXW9_222_heatmap_data.csv
[Row 28] Missing file: Tried C:\Users\ricea\OneDrive\Documents\GitHub\Annabel-BSc-Project\benign_mutations2\mutations2\P31939_572_heatmap_data.csv and C:\Users\ricea\OneDrive\Documents\GitHub\Annabel-BSc-Project\benign_mutations2\mutations2\P31939_565_heatmap_data.csv
[Row 29] Missing file: Tried C:\Users\ricea\OneDrive\Documents\GitHub\Annabel-BSc-Project\benign_mutations2\mutations2\P53621_917_heatmap_data.csv and C:\Users\ricea\OneDrive\Documents\GitHub\Annabel-BSc-Project\benign_mutations2\mutations2\P53621_917_heatmap_data.csv
[Row 30] Missing file: Tried C:\Users\ricea\OneDrive\Documents\GitHub\Annabel-BSc-Project\benign_mutations2\mutations2\P00558_180_heatmap_data.csv and C:\Users\ricea\OneDrive\Documents\GitHub\Annabel-BSc-Project\benign_mutations2\mutations2\P00558_153_heatmap_data.csv
[Row 31] Missing file: Tried C:\Users\ricea\OneDrive\Documents\GitHub\Annabel-BSc-Project\benign_mutations2\mutations2\P13639_280_heatmap_data.csv and C:\Users\ricea\OneDrive\Documents\GitHub\Annabel-BSc-Project\benign_mutations2\mutations2\P13639_279_heatmap_data.csv
[Row 32] Missing file: Tried C:\Users\ricea\OneDrive\Documents\GitHub\Annabel-BSc-Project\benign_mutations2\mutations2\P29401_283_heatmap_data.csv and C:\Users\ricea\OneDrive\Documents\GitHub\Annabel-BSc-Project\benign_mutations2\mutations2\P29401_280_heatmap_data.csv
[Row 33] Missing file: Tried C:\Users\ricea\OneDrive\Documents\GitHub\Annabel-BSc-Project\benign_mutations2\mutations2\P62873_29_heatmap_data.csv and C:\Users\ricea\OneDrive\Documents\GitHub\Annabel-BSc-Project\benign_mutations2\mutations2\P62873_29_heatmap_data.csv
[Row 34] Missing file: Tried C:\Users\ricea\OneDrive\Documents\GitHub\Annabel-BSc-Project\benign_mutations2\mutations2\Q14203_411_heatmap_data.csv and C:\Users\ricea\OneDrive\Documents\GitHub\Annabel-BSc-Project\benign_mutations2\mutations2\Q14203_417_heatmap_data.csv
[Row 35] Missing file: Tried C:\Users\ricea\OneDrive\Documents\GitHub\Annabel-BSc-Project\benign_mutations2\mutations2\P09884_400_heatmap_data.csv and C:\Users\ricea\OneDrive\Documents\GitHub\Annabel-BSc-Project\benign_mutations2\mutations2\P09884_404_heatmap_data.csv
[Row 36] Missing file: Tried C:\Users\ricea\OneDrive\Documents\GitHub\Annabel-BSc-Project\benign_mutations2\mutations2\P35240_585_heatmap_data.csv and C:\Users\ricea\OneDrive\Documents\GitHub\Annabel-BSc-Project\benign_mutations2\mutations2\P35240_581_heatmap_data.csv
[Row 37] Missing file: Tried C:\Users\ricea\OneDrive\Documents\GitHub\Annabel-BSc-Project\benign_mutations2\mutations2\P49792_375_heatmap_data.csv and C:\Users\ricea\OneDrive\Documents\GitHub\Annabel-BSc-Project\benign_mutations2\mutations2\P49792_380_heatmap_data.csv
[Row 38] Missing file: Tried C:\Users\ricea\OneDrive\Documents\GitHub\Annabel-BSc-Project\benign_mutations2\mutations2\Q5JTZ9_678_heatmap_data.csv and C:\Users\ricea\OneDrive\Documents\GitHub\Annabel-BSc-Project\benign_mutations2\mutations2\Q5JTZ9_673_heatmap_data.csv
[Row 39] Missing file: Tried C:\Users\ricea\OneDrive\Documents\GitHub\Annabel-BSc-Project\benign_mutations2\mutations2\Q8IYW5_170_heatmap_data.csv and C:\Users\ricea\OneDrive\Documents\GitHub\Annabel-BSc-Project\benign_mutations2\mutations2\Q8IYW5_174_heatmap_data.csv
[Row 40] Missing file: Tried C:\Users\ricea\OneDrive\Documents\GitHub\Annabel-BSc-Project\benign_mutations2\mutations2\Q9BTW9_807_heatmap_data.csv and C:\Users\ricea\OneDrive\Documents\GitHub\Annabel-BSc-Project\benign_mutations2\mutations2\Q9BTW9_805_heatmap_data.csv
[Row 41] Missing file: Tried C:\Users\ricea\OneDrive\Documents\GitHub\Annabel-BSc-Project\benign_mutations2\mutations2\Q9NYP3_539_heatmap_data.csv and C:\Users\ricea\OneDrive\Documents\GitHub\Annabel-BSc-Project\benign_mutations2\mutations2\Q9NYP3_542_heatmap_data.csv
[Row 43] Missing file: Tried C:\Users\ricea\OneDrive\Documents\GitHub\Annabel-BSc-Project\benign_mutations2\mutations2\O75643_934_heatmap_data.csv and C:\Users\ricea\OneDrive\Documents\GitHub\Annabel-BSc-Project\benign_mutations2\mutations2\O75643_932_heatmap_data.csv
[Row 44] Missing file: Tried C:\Users\ricea\OneDrive\Documents\GitHub\Annabel-BSc-Project\pathogenic_mutations2\mutations2\O15160_262_heatmap_data.csv and C:\Users\ricea\OneDrive\Documents\GitHub\Annabel-BSc-Project\pathogenic_mutations2\mutations2\O15160_258_heatmap_data.csv
[Row 45] Missing file: Tried C:\Users\ricea\OneDrive\Documents\GitHub\Annabel-BSc-Project\pathogenic_mutations2\mutations2\P07954_365_heatmap_data.csv and C:\Users\ricea\OneDrive\Documents\GitHub\Annabel-BSc-Project\pathogenic_mutations2\mutations2\P07954_365_heatmap_data.csv
[Row 46] Missing file: Tried C:\Users\ricea\OneDrive\Documents\GitHub\Annabel-BSc-Project\pathogenic_mutations2\mutations2\P11166_232_heatmap_data.csv and C:\Users\ricea\OneDrive\Documents\GitHub\Annabel-BSc-Project\pathogenic_mutations2\mutations2\P11166_234_heatmap_data.csv
[Row 47] Missing file: Tried C:\Users\ricea\OneDrive\Documents\GitHub\Annabel-BSc-Project\pathogenic_mutations2\mutations2\O00571_488_heatmap_data.csv and C:\Users\ricea\OneDrive\Documents\GitHub\Annabel-BSc-Project\pathogenic_mutations2\mutations2\O00571_489_heatmap_data.csv
[Row 48] Missing file: Tried C:\Users\ricea\OneDrive\Documents\GitHub\Annabel-BSc-Project\pathogenic_mutations2\mutations2\P00441_101_heatmap_data.csv and C:\Users\ricea\OneDrive\Documents\GitHub\Annabel-BSc-Project\pathogenic_mutations2\mutations2\P00441_99_heatmap_data.csv
[Row 50] Missing file: Tried C:\Users\ricea\OneDrive\Documents\GitHub\Annabel-BSc-Project\pathogenic_mutations2\mutations2\P01130_109_heatmap_data.csv and C:\Users\ricea\OneDrive\Documents\GitHub\Annabel-BSc-Project\pathogenic_mutations2\mutations2\P01130_110_heatmap_data.csv
[Row 51] Missing file: Tried C:\Users\ricea\OneDrive\Documents\GitHub\Annabel-BSc-Project\pathogenic_mutations2\mutations2\P25490_375_heatmap_data.csv and C:\Users\ricea\OneDrive\Documents\GitHub\Annabel-BSc-Project\pathogenic_mutations2\mutations2\P25490_378_heatmap_data.csv
[Row 52] Missing file: Tried C:\Users\ricea\OneDrive\Documents\GitHub\Annabel-BSc-Project\pathogenic_mutations2\mutations2\P30566_242_heatmap_data.csv and C:\Users\ricea\OneDrive\Documents\GitHub\Annabel-BSc-Project\pathogenic_mutations2\mutations2\P30566_239_heatmap_data.csv
[Row 55] Missing file: Tried C:\Users\ricea\OneDrive\Documents\GitHub\Annabel-BSc-Project\pathogenic_mutations2\mutations2\P55072_191_heatmap_data.csv and C:\Users\ricea\OneDrive\Documents\GitHub\Annabel-BSc-Project\pathogenic_mutations2\mutations2\P55072_197_heatmap_data.csv
[Row 56] Missing file: Tried C:\Users\ricea\OneDrive\Documents\GitHub\Annabel-BSc-Project\pathogenic_mutations2\mutations2\O00571_326_heatmap_data.csv and C:\Users\ricea\OneDrive\Documents\GitHub\Annabel-BSc-Project\pathogenic_mutations2\mutations2\O00571_323_heatmap_data.csv
[Row 57] Missing file: Tried C:\Users\ricea\OneDrive\Documents\GitHub\Annabel-BSc-Project\pathogenic_mutations2\mutations2\O15160_30_heatmap_data.csv and C:\Users\ricea\OneDrive\Documents\GitHub\Annabel-BSc-Project\pathogenic_mutations2\mutations2\O15160_34_heatmap_data.csv
[Row 58] Missing file: Tried C:\Users\ricea\OneDrive\Documents\GitHub\Annabel-BSc-Project\pathogenic_mutations2\mutations2\P07437_52_heatmap_data.csv and C:\Users\ricea\OneDrive\Documents\GitHub\Annabel-BSc-Project\pathogenic_mutations2\mutations2\P07437_48_heatmap_data.csv
[Row 59] Missing file: Tried C:\Users\ricea\OneDrive\Documents\GitHub\Annabel-BSc-Project\pathogenic_mutations2\mutations2\P07437_221_heatmap_data.csv and C:\Users\ricea\OneDrive\Documents\GitHub\Annabel-BSc-Project\pathogenic_mutations2\mutations2\P07437_218_heatmap_data.csv
[Row 60] Missing file: Tried C:\Users\ricea\OneDrive\Documents\GitHub\Annabel-BSc-Project\pathogenic_mutations2\mutations2\P07954_366_heatmap_data.csv and C:\Users\ricea\OneDrive\Documents\GitHub\Annabel-BSc-Project\pathogenic_mutations2\mutations2\P07954_366_heatmap_data.csv
[Row 61] Missing file: Tried C:\Users\ricea\OneDrive\Documents\GitHub\Annabel-BSc-Project\pathogenic_mutations2\mutations2\P11166_458_heatmap_data.csv and C:\Users\ricea\OneDrive\Documents\GitHub\Annabel-BSc-Project\pathogenic_mutations2\mutations2\P11166_465_heatmap_data.csv
[Row 62] Missing file: Tried C:\Users\ricea\OneDrive\Documents\GitHub\Annabel-BSc-Project\pathogenic_mutations2\mutations2\P17480_210_heatmap_data.csv and C:\Users\ricea\OneDrive\Documents\GitHub\Annabel-BSc-Project\pathogenic_mutations2\mutations2\P17480_208_heatmap_data.csv
[Row 63] Missing file: Tried C:\Users\ricea\OneDrive\Documents\GitHub\Annabel-BSc-Project\pathogenic_mutations2\mutations2\P25490_369_heatmap_data.csv and C:\Users\ricea\OneDrive\Documents\GitHub\Annabel-BSc-Project\pathogenic_mutations2\mutations2\P25490_365_heatmap_data.csv
[Row 65] Missing file: Tried C:\Users\ricea\OneDrive\Documents\GitHub\Annabel-BSc-Project\pathogenic_mutations2\mutations2\P54819_182_heatmap_data.csv and C:\Users\ricea\OneDrive\Documents\GitHub\Annabel-BSc-Project\pathogenic_mutations2\mutations2\P54819_176_heatmap_data.csv
[Row 66] Missing file: Tried C:\Users\ricea\OneDrive\Documents\GitHub\Annabel-BSc-Project\pathogenic_mutations2\mutations2\P07954_362_heatmap_data.csv and C:\Users\ricea\OneDrive\Documents\GitHub\Annabel-BSc-Project\pathogenic_mutations2\mutations2\P07954_365_heatmap_data.csv
[Row 67] Missing file: Tried C:\Users\ricea\OneDrive\Documents\GitHub\Annabel-BSc-Project\pathogenic_mutations2\mutations2\P40337_75_heatmap_data.csv and C:\Users\ricea\OneDrive\Documents\GitHub\Annabel-BSc-Project\pathogenic_mutations2\mutations2\P40337_72_heatmap_data.csv