[Row 0] Missing files for O00571_323/326_mutation_pos4_R_to_H
[Row 1] Missing files for P00441_99/101_mutation_pos5_E_to_G
[Row 3] Missing files for P00441_108/107_mutation_pos8_L_to_V
[Row 4] Missing files for P00441_143/140_mutation_pos10_N_to_K
[Row 5] Missing files for P00441_143/145_mutation_pos5_L_to_S
[Row 6] Missing files for P00558_168/164_mutation_pos11_D_to_V
[Row 8] Missing files for P40337_68/65_mutation_pos10_S_to_L
[Row 9] Missing files for P40337_80/78_mutation_pos9_N_to_T
[Row 10] Missing files for P40337_80/80_mutation_pos7_S_to_I
[Row 11] Missing files for P40337_80/82_mutation_pos5_R_to_P
[Row 12] Missing files for P40337_80/84_mutation_pos3_V_to_L
[Row 13] Missing files for P49711_374/377_mutation_pos4_R_to_H
[Row 14] Missing files for P49711_450/448_mutation_pos9_R_to_Q
[Row 15] Missing files for P60709_202/206_mutation_pos3_R_to_W
[Row 16] Missing files for P60953_161/159_mutation_pos9_A_to_V
[Row 17] Missing files for O14578_307/308_mutation_pos6_S_to_C
[Row 19] Missing files for P30566_151/147_mutation_pos11_K_to_M
[Row 20] Missing files for P31939_116/116_mutation_pos7_T_to_S
[Row 21] Missing files for P34897_48/50_mutation_pos5_S_to_L
[Row 22] Missing files for P54819_194/191_mutation_pos10_H_to_D
[Row 23] Missing files for P57081_391/390_mutation_pos8_R_to_Q
[Row 24] Missing files for Q8WTW3_454/453_mutation_pos8_E_to_Q
[Row 26] Missing files for Q9H211_491/491_mutation_pos7_S_to_N
[Row 27] Missing files for Q9BXW9_193/222_mutation_pos-22_T_to_A
[Row 29] Missing files for P53621_917/917_mutation_pos7_T_to_A
[Row 30] Missing files for P00558_180/153_mutation_pos34_N_to_S
[Row 31] Missing files for P13639_280/279_mutation_pos8_P_to_L
[Row 33] Missing files for P62873_29/29_mutation_pos7_T_to_A
[Row 35] Missing files for P09884_400/404_mutation_pos3_T_to_M
[Row 36] Missing files for P35240_585/581_mutation_pos11_A_to_T
[Row 38] Missing files for Q5JTZ9_678/673_mutation_pos12_R_to_Q
[Row 40] Missing files for Q9BTW9_807/805_mutation_pos9_E_to_K
[Row 41] Missing files for Q9NYP3_539/542_mutation_pos4_E_to_K
[Row 42] Missing files for O14578_308/307_mutation_pos8_S_to_A
[Row 43] Missing files for O75643_934/932_mutation_pos9_T_to_A
[Row 44] Missing files for O15160_262/258_mutation_pos11_I_to_T
[Row 45] Missing files for P07954_365/365_mutation_pos7_S_to_G
[Row 46] Missing files for P11166_232/234_mutation_pos5_R_to_C
[Row 47] Missing files for O00571_488/489_mutation_pos6_R_to_C
[Row 48] Missing files for P00441_101/99_mutation_pos9_E_to_K
[Row 50] Missing files for P01130_109/110_mutation_pos6_C_to_Y
[Row 51] Missing files for P25490_375/378_mutation_pos4_R_to_Q
[Row 52] Missing files for P30566_242/239_mutation_pos10_T_to_I
[Row 53] Missing files for P40337_70/68_mutation_pos9_E_to_K
[Row 54] Missing files for P40337_72/68_mutation_pos11_S_to_P
[Row 56] Missing files for O00571_326/323_mutation_pos10_R_to_C
[Row 57] Missing files for O15160_30/34_mutation_pos3_P_to_S
[Row 58] Missing files for P07437_52/48_mutation_pos11_N_to_S
[Row 59] Missing files for P07437_221/218_mutation_pos10_T_to_I
[Row 61] Missing files for P11166_458/465_mutation_pos0_R_to_W
[Row 62] Missing files for P17480_210/208_mutation_pos9_E_to_K
[Row 63] Missing files for P25490_369/365_mutation_pos11_N_to_S
[Row 64] Missing files for P49711_378/374_mutation_pos11_P_to_L
[Row 66] Missing files for P07954_362/365_mutation_pos4_E_to_K
[Row 67] Missing files for P40337_75/72_mutation_pos10_I_to_S
[Row 68] Missing files for P40337_78/80_mutation_pos5_N_to_D
[Row 69] Missing files for P40337_80/80_mutation_pos7_S_to_G
[Row 70] Missing files for P40337_81/80_mutation_pos8_P_to_L
[Row 71] Missing files for P40337_82/80_mutation_pos9_R_to_L